<?xml version='1.0' encoding='UTF-8'?>
<!DOCTYPE coverage SYSTEM 'http://cobertura.sourceforge.net/xml/coverage-04.dtd'>
<coverage line-rate="0.5530405405405405" branch-rate="0.5701517356059032" lines-covered="1637" lines-valid="2960" branches-covered="2743" branches-valid="4811" complexity="0.0" timestamp="1728316486" version="gcovr 7.0"><sources><source>.</source></sources><packages><package name="" line-rate="0.5530405405405405" branch-rate="0.5701517356059032" complexity="0.0"><classes><class name="DeviceState_cpp" filename="DeviceState.cpp" line-rate="1.0" branch-rate="1.0" complexity="0.0"><methods/><lines><line number="3" hits="98" branch="false"/><line number="5" hits="98" branch="false"/><line number="8" hits="4" branch="false"/><line number="10" hits="4" branch="false"/></lines></class><class name="Device_cpp" filename="Device.cpp" line-rate="1.0" branch-rate="1.0" complexity="0.0"><methods/><lines><line number="3" hits="84" branch="false"/><line number="6" hits="84" branch="false"/><line number="7" hits="84" branch="true" condition-coverage="100% (1/1)"><conditions><condition number="0" type="jump" coverage="100%"/></conditions></line><line number="8" hits="84" branch="true" condition-coverage="100% (2/2)"><conditions><condition number="0" type="jump" coverage="100%"/></conditions></line><line number="9" hits="84" branch="true" condition-coverage="100% (1/1)"><conditions><condition number="0" type="jump" coverage="100%"/></conditions></line><line number="10" hits="84" branch="false"/><line number="12" hits="14" branch="false"/><line number="14" hits="14" branch="false"/><line number="17" hits="51" branch="false"/><line number="19" hits="51" branch="false"/><line number="22" hits="7" branch="false"/><line number="24" hits="7" branch="false"/><line number="27" hits="1" branch="false"/><line number="29" hits="1" branch="false"/><line number="32" hits="55" branch="false"/><line number="34" hits="55" branch="false"/><line number="35" hits="55" branch="false"/></lines></class><class name="Doorlock_cpp" filename="Doorlock.cpp" line-rate="0.95" branch-rate="0.7368421052631579" complexity="0.0"><methods/><lines><line number="3" hits="9" branch="false"/><line number="5" hits="9" branch="true" condition-coverage="100% (1/1)"><conditions><condition number="0" type="jump" coverage="100%"/></conditions></line><line number="6" hits="9" branch="true" condition-coverage="100% (1/1)"><conditions><condition number="0" type="jump" coverage="100%"/></conditions></line><line number="7" hits="9" branch="true" condition-coverage="100% (1/1)"><conditions><condition number="0" type="jump" coverage="100%"/></conditions></line><line number="8" hits="9" branch="false"/><line number="10" hits="8" branch="false"/><line number="17" hits="8" branch="true" condition-coverage="100% (1/1)"><conditions><condition number="0" type="jump" coverage="100%"/></conditions></line><line number="19" hits="8" branch="true" condition-coverage="100% (1/1)"><conditions><condition number="0" type="jump" coverage="100%"/></conditions></line><line number="21" hits="8" branch="true" condition-coverage="28% (4/14)"><conditions><condition number="0" type="jump" coverage="28%"/></conditions></line><line number="23" hits="8" branch="true" condition-coverage="100% (3/3)"><conditions><condition number="0" type="jump" coverage="100%"/></conditions></line><line number="24" hits="8" branch="true" condition-coverage="100% (3/3)"><conditions><condition number="0" type="jump" coverage="100%"/></conditions></line><line number="26" hits="1" branch="true" condition-coverage="100% (2/2)"><conditions><condition number="0" type="jump" coverage="100%"/></conditions></line><line number="28" hits="7" branch="true" condition-coverage="100% (3/3)"><conditions><condition number="0" type="jump" coverage="100%"/></conditions></line><line number="30" hits="2" branch="true" condition-coverage="100% (2/2)"><conditions><condition number="0" type="jump" coverage="100%"/></conditions></line><line number="33" hits="8" branch="false"/><line number="35" hits="1" branch="false"/><line number="37" hits="1" branch="true" condition-coverage="100% (4/4)"><conditions><condition number="0" type="jump" coverage="100%"/></conditions></line><line number="38" hits="1" branch="true" condition-coverage="100% (2/2)"><conditions><condition number="0" type="jump" coverage="100%"/></conditions></line><line number="39" hits="1" branch="false"/><line number="40" hits="0" branch="false"/></lines></class><class name="HomeCommand_cpp" filename="HomeCommand.cpp" line-rate="1.0" branch-rate="1.0" complexity="0.0"><methods/><lines><line number="3" hits="71" branch="false"/><line number="5" hits="71" branch="false"/><line number="6" hits="71" branch="true" condition-coverage="100% (1/1)"><conditions><condition number="0" type="jump" coverage="100%"/></conditions></line><line number="7" hits="71" branch="false"/><line number="9" hits="142" branch="false"/><line number="11" hits="142" branch="false"/></lines></class><class name="LegacyThermostat_cpp" filename="LegacyThermostat.cpp" line-rate="1.0" branch-rate="1.0" complexity="0.0"><methods/><lines><line number="3" hits="3" branch="false"/><line number="5" hits="3" branch="false"/><line number="6" hits="3" branch="false"/><line number="8" hits="150" branch="false"/><line number="10" hits="150" branch="false"/><line number="13" hits="21" branch="false"/><line number="15" hits="21" branch="false"/><line number="16" hits="21" branch="false"/><line number="18" hits="121" branch="false"/><line number="20" hits="121" branch="false"/><line number="21" hits="121" branch="false"/></lines></class><class name="Light_cpp" filename="Light.cpp" line-rate="0.9473684210526315" branch-rate="0.7142857142857143" complexity="0.0"><methods/><lines><line number="3" hits="22" branch="false"/><line number="5" hits="22" branch="true" condition-coverage="100% (1/1)"><conditions><condition number="0" type="jump" coverage="100%"/></conditions></line><line number="6" hits="22" branch="true" condition-coverage="100% (1/1)"><conditions><condition number="0" type="jump" coverage="100%"/></conditions></line><line number="7" hits="22" branch="true" condition-coverage="100% (1/1)"><conditions><condition number="0" type="jump" coverage="100%"/></conditions></line><line number="8" hits="22" branch="false"/><line number="10" hits="20" branch="false"/><line number="17" hits="20" branch="true" condition-coverage="100% (1/1)"><conditions><condition number="0" type="jump" coverage="100%"/></conditions></line><line number="19" hits="20" branch="true" condition-coverage="100% (1/1)"><conditions><condition number="0" type="jump" coverage="100%"/></conditions></line><line number="21" hits="20" branch="true" condition-coverage="28% (4/14)"><conditions><condition number="0" type="jump" coverage="28%"/></conditions></line><line number="23" hits="20" branch="true" condition-coverage="100% (3/3)"><conditions><condition number="0" type="jump" coverage="100%"/></conditions></line><line number="25" hits="14" branch="true" condition-coverage="100% (2/2)"><conditions><condition number="0" type="jump" coverage="100%"/></conditions></line><line number="27" hits="6" branch="true" condition-coverage="100% (3/3)"><conditions><condition number="0" type="jump" coverage="100%"/></conditions></line><line number="29" hits="3" branch="true" condition-coverage="100% (2/2)"><conditions><condition number="0" type="jump" coverage="100%"/></conditions></line><line number="32" hits="20" branch="false"/><line number="34" hits="13" branch="false"/><line number="36" hits="13" branch="true" condition-coverage="100% (4/4)"><conditions><condition number="0" type="jump" coverage="100%"/></conditions></line><line number="37" hits="13" branch="true" condition-coverage="100% (2/2)"><conditions><condition number="0" type="jump" coverage="100%"/></conditions></line><line number="38" hits="13" branch="false"/><line number="39" hits="0" branch="false"/></lines></class><class name="LockCommand_cpp" filename="LockCommand.cpp" line-rate="1.0" branch-rate="1.0" complexity="0.0"><methods/><lines><line number="3" hits="5" branch="true" condition-coverage="100% (2/2)"><conditions><condition number="0" type="jump" coverage="100%"/></conditions></line><line number="5" hits="5" branch="false"/><line number="7" hits="5" branch="false"/><line number="9" hits="5" branch="true" condition-coverage="100% (2/2)"><conditions><condition number="0" type="jump" coverage="100%"/></conditions></line><line number="10" hits="5" branch="false"/></lines></class><class name="LockedState_h" filename="LockedState.h" line-rate="1.0" branch-rate="1.0" complexity="0.0"><methods/><lines><line number="9" hits="12" branch="false"/><line number="10" hits="12" branch="false"/><line number="11" hits="12" branch="true" condition-coverage="100% (1/1)"><conditions><condition number="0" type="jump" coverage="100%"/></conditions></line><line number="12" hits="12" branch="true" condition-coverage="100% (1/1)"><conditions><condition number="0" type="jump" coverage="100%"/></conditions></line><line number="13" hits="12" branch="false"/></lines></class><class name="MacroRoutine_cpp" filename="MacroRoutine.cpp" line-rate="1.0" branch-rate="0.9" complexity="0.0"><methods/><lines><line number="3" hits="1" branch="true" condition-coverage="100% (3/3)"><conditions><condition number="0" type="jump" coverage="100%"/></conditions></line><line number="5" hits="1" branch="false"/><line number="7" hits="1" branch="false"/><line number="9" hits="3" branch="true" condition-coverage="100% (2/2)"><conditions><condition number="0" type="jump" coverage="100%"/></conditions></line><line number="11" hits="2" branch="true" condition-coverage="100% (1/1)"><conditions><condition number="0" type="jump" coverage="100%"/></conditions></line><line number="13" hits="1" branch="false"/><line number="15" hits="2" branch="false"/><line number="17" hits="2" branch="false"/><line number="18" hits="2" branch="false"/><line number="20" hits="1" branch="false"/><line number="22" hits="1" branch="true" condition-coverage="100% (1/1)"><conditions><condition number="0" type="jump" coverage="100%"/></conditions></line><line number="25" hits="1" branch="true" condition-coverage="50% (1/2)"><conditions><condition number="0" type="jump" coverage="50%"/></conditions></line><line number="27" hits="1" branch="true" condition-coverage="100% (1/1)"><conditions><condition number="0" type="jump" coverage="100%"/></conditions></line><line number="29" hits="1" branch="false"/><line number="31" hits="1" branch="false"/><line number="33" hits="1" branch="false"/></lines></class><class name="MotionSensor_cpp" filename="MotionSensor.cpp" line-rate="0.96" branch-rate="0.7674418604651163" complexity="0.0"><methods/><lines><line number="3" hits="10" branch="false"/><line number="5" hits="10" branch="true" condition-coverage="100% (1/1)"><conditions><condition number="0" type="jump" coverage="100%"/></conditions></line><line number="6" hits="10" branch="true" condition-coverage="100% (1/1)"><conditions><condition number="0" type="jump" coverage="100%"/></conditions></line><line number="7" hits="10" branch="true" condition-coverage="100% (1/1)"><conditions><condition number="0" type="jump" coverage="100%"/></conditions></line><line number="8" hits="10" branch="false"/><line number="10" hits="8" branch="false"/><line number="17" hits="8" branch="true" condition-coverage="100% (1/1)"><conditions><condition number="0" type="jump" coverage="100%"/></conditions></line><line number="19" hits="8" branch="true" condition-coverage="100% (1/1)"><conditions><condition number="0" type="jump" coverage="100%"/></conditions></line><line number="21" hits="8" branch="true" condition-coverage="28% (4/14)"><conditions><condition number="0" type="jump" coverage="28%"/></conditions></line><line number="23" hits="8" branch="true" condition-coverage="100% (3/3)"><conditions><condition number="0" type="jump" coverage="100%"/></conditions></line><line number="25" hits="3" branch="true" condition-coverage="100% (2/2)"><conditions><condition number="0" type="jump" coverage="100%"/></conditions></line><line number="27" hits="5" branch="true" condition-coverage="100% (3/3)"><conditions><condition number="0" type="jump" coverage="100%"/></conditions></line><line number="29" hits="2" branch="true" condition-coverage="100% (2/2)"><conditions><condition number="0" type="jump" coverage="100%"/></conditions></line><line number="32" hits="8" branch="false"/><line number="34" hits="1" branch="false"/><line number="36" hits="1" branch="true" condition-coverage="100% (4/4)"><conditions><condition number="0" type="jump" coverage="100%"/></conditions></line><line number="37" hits="1" branch="true" condition-coverage="100% (2/2)"><conditions><condition number="0" type="jump" coverage="100%"/></conditions></line><line number="38" hits="1" branch="false"/><line number="39" hits="0" branch="false"/><line number="41" hits="2" branch="false"/><line number="43" hits="2" branch="true" condition-coverage="100% (4/4)"><conditions><condition number="0" type="jump" coverage="100%"/></conditions></line><line number="45" hits="1" branch="false"/><line number="46" hits="1" branch="false"/><line number="48" hits="2" branch="true" condition-coverage="100% (2/2)"><conditions><condition number="0" type="jump" coverage="100%"/></conditions></line><line number="50" hits="3" branch="true" condition-coverage="100% (2/2)"><conditions><condition number="0" type="jump" coverage="100%"/></conditions></line></lines></class><class name="NotifyCommand_cpp" filename="NotifyCommand.cpp" line-rate="1.0" branch-rate="0.7088607594936709" complexity="0.0"><methods/><lines><line number="3" hits="13" branch="true" condition-coverage="100% (2/2)"><conditions><condition number="0" type="jump" coverage="100%"/></conditions></line><line number="5" hits="13" branch="true" condition-coverage="100% (1/1)"><conditions><condition number="0" type="jump" coverage="100%"/></conditions></line><line number="6" hits="13" branch="false"/><line number="7" hits="13" branch="false"/><line number="9" hits="5" branch="false"/><line number="11" hits="5" branch="false"/><line number="14" hits="13" branch="false"/><line number="20" hits="13" branch="false"/><line number="21" hits="13" branch="true" condition-coverage="100% (2/2)"><conditions><condition number="0" type="jump" coverage="100%"/></conditions></line><line number="23" hits="6" branch="false"/><line number="30" hits="7" branch="false"/><line number="31" hits="7" branch="true" condition-coverage="100% (2/2)"><conditions><condition number="0" type="jump" coverage="100%"/></conditions></line><line number="32" hits="7" branch="true" condition-coverage="75% (9/12)"><conditions><condition number="0" type="jump" coverage="75%"/></conditions></line><line number="34" hits="1" branch="false"/><line number="36" hits="6" branch="true" condition-coverage="66% (8/12)"><conditions><condition number="0" type="jump" coverage="66%"/></conditions></line><line number="38" hits="1" branch="false"/><line number="40" hits="5" branch="true" condition-coverage="66% (8/12)"><conditions><condition number="0" type="jump" coverage="66%"/></conditions></line><line number="42" hits="1" branch="false"/><line number="44" hits="4" branch="true" condition-coverage="66% (8/12)"><conditions><condition number="0" type="jump" coverage="66%"/></conditions></line><line number="46" hits="1" branch="false"/><line number="48" hits="3" branch="true" condition-coverage="66% (8/12)"><conditions><condition number="0" type="jump" coverage="66%"/></conditions></line><line number="50" hits="1" branch="false"/><line number="52" hits="2" branch="true" condition-coverage="66% (8/12)"><conditions><condition number="0" type="jump" coverage="66%"/></conditions></line><line number="54" hits="1" branch="false"/><line number="57" hits="13" branch="false"/></lines></class><class name="OffCommand_cpp" filename="OffCommand.cpp" line-rate="1.0" branch-rate="1.0" complexity="0.0"><methods/><lines><line number="3" hits="11" branch="true" condition-coverage="100% (2/2)"><conditions><condition number="0" type="jump" coverage="100%"/></conditions></line><line number="5" hits="11" branch="false"/><line number="7" hits="11" branch="false"/><line number="9" hits="11" branch="true" condition-coverage="100% (2/2)"><conditions><condition number="0" type="jump" coverage="100%"/></conditions></line><line number="10" hits="11" branch="false"/></lines></class><class name="OffState_h" filename="OffState.h" line-rate="1.0" branch-rate="1.0" complexity="0.0"><methods/><lines><line number="9" hits="71" branch="false"/><line number="10" hits="71" branch="false"/><line number="11" hits="71" branch="true" condition-coverage="100% (1/1)"><conditions><condition number="0" type="jump" coverage="100%"/></conditions></line><line number="12" hits="71" branch="true" condition-coverage="100% (1/1)"><conditions><condition number="0" type="jump" coverage="100%"/></conditions></line><line number="13" hits="71" branch="false"/></lines></class><class name="OnCommand_cpp" filename="OnCommand.cpp" line-rate="1.0" branch-rate="1.0" complexity="0.0"><methods/><lines><line number="3" hits="24" branch="true" condition-coverage="100% (2/2)"><conditions><condition number="0" type="jump" coverage="100%"/></conditions></line><line number="5" hits="24" branch="false"/><line number="7" hits="24" branch="false"/><line number="9" hits="24" branch="true" condition-coverage="100% (2/2)"><conditions><condition number="0" type="jump" coverage="100%"/></conditions></line><line number="10" hits="24" branch="false"/></lines></class><class name="OnState_h" filename="OnState.h" line-rate="1.0" branch-rate="1.0" complexity="0.0"><methods/><lines><line number="9" hits="35" branch="false"/><line number="10" hits="35" branch="false"/><line number="11" hits="35" branch="true" condition-coverage="100% (1/1)"><conditions><condition number="0" type="jump" coverage="100%"/></conditions></line><line number="12" hits="35" branch="true" condition-coverage="100% (1/1)"><conditions><condition number="0" type="jump" coverage="100%"/></conditions></line><line number="13" hits="35" branch="false"/></lines></class><class name="OpenState_h" filename="OpenState.h" line-rate="1.0" branch-rate="1.0" complexity="0.0"><methods/><lines><line number="9" hits="4" branch="false"/><line number="10" hits="4" branch="false"/><line number="11" hits="4" branch="true" condition-coverage="100% (1/1)"><conditions><condition number="0" type="jump" coverage="100%"/></conditions></line><line number="12" hits="4" branch="true" condition-coverage="100% (1/1)"><conditions><condition number="0" type="jump" coverage="100%"/></conditions></line><line number="13" hits="4" branch="false"/></lines></class><class name="Room_cpp" filename="Room.cpp" line-rate="0.96" branch-rate="0.9565217391304348" complexity="0.0"><methods/><lines><line number="3" hits="10" branch="false"/><line number="5" hits="10" branch="true" condition-coverage="100% (1/1)"><conditions><condition number="0" type="jump" coverage="100%"/></conditions></line><line number="6" hits="10" branch="true" condition-coverage="100% (1/1)"><conditions><condition number="0" type="jump" coverage="100%"/></conditions></line><line number="7" hits="10" branch="true" condition-coverage="100% (1/1)"><conditions><condition number="0" type="jump" coverage="100%"/></conditions></line><line number="8" hits="10" branch="false"/><line number="10" hits="10" branch="false"/><line number="12" hits="10" branch="false"/><line number="13" hits="10" branch="false"/><line number="15" hits="5" branch="false"/><line number="17" hits="5" branch="true" condition-coverage="100% (1/1)"><conditions><condition number="0" type="jump" coverage="100%"/></conditions></line><line number="20" hits="5" branch="true" condition-coverage="100% (2/2)"><conditions><condition number="0" type="jump" coverage="100%"/></conditions></line><line number="22" hits="2" branch="true" condition-coverage="100% (1/1)"><conditions><condition number="0" type="jump" coverage="100%"/></conditions></line><line number="24" hits="5" branch="false"/><line number="26" hits="2" branch="false"/><line number="28" hits="5" branch="true" condition-coverage="100% (2/2)"><conditions><condition number="0" type="jump" coverage="100%"/></conditions></line><line number="30" hits="3" branch="true" condition-coverage="100% (2/2)"><conditions><condition number="0" type="jump" coverage="100%"/></conditions></line><line number="32" hits="2" branch="false"/><line number="34" hits="6" branch="false"/><line number="41" hits="6" branch="false"/><line number="42" hits="6" branch="true" condition-coverage="83% (5/6)"><conditions><condition number="0" type="jump" coverage="83%"/></conditions></line><line number="43" hits="16" branch="true" condition-coverage="100% (2/2)"><conditions><condition number="0" type="jump" coverage="100%"/></conditions></line><line number="45" hits="10" branch="true" condition-coverage="100% (3/3)"><conditions><condition number="0" type="jump" coverage="100%"/></conditions></line><line number="47" hits="6" branch="true" condition-coverage="100% (1/1)"><conditions><condition number="0" type="jump" coverage="100%"/></conditions></line><line number="48" hits="6" branch="false"/><line number="49" hits="0" branch="false"/></lines></class><class name="Section_cpp" filename="Section.cpp" line-rate="0.96" branch-rate="0.9130434782608695" complexity="0.0"><methods/><lines><line number="3" hits="9" branch="false"/><line number="5" hits="9" branch="true" condition-coverage="100% (1/1)"><conditions><condition number="0" type="jump" coverage="100%"/></conditions></line><line number="6" hits="9" branch="true" condition-coverage="100% (1/1)"><conditions><condition number="0" type="jump" coverage="100%"/></conditions></line><line number="7" hits="9" branch="true" condition-coverage="100% (1/1)"><conditions><condition number="0" type="jump" coverage="100%"/></conditions></line><line number="8" hits="9" branch="false"/><line number="10" hits="5" branch="false"/><line number="12" hits="5" branch="false"/><line number="13" hits="5" branch="false"/><line number="15" hits="1" branch="false"/><line number="17" hits="1" branch="true" condition-coverage="100% (1/1)"><conditions><condition number="0" type="jump" coverage="100%"/></conditions></line><line number="20" hits="1" branch="true" condition-coverage="50% (1/2)"><conditions><condition number="0" type="jump" coverage="50%"/></conditions></line><line number="22" hits="1" branch="true" condition-coverage="100% (1/1)"><conditions><condition number="0" type="jump" coverage="100%"/></conditions></line><line number="24" hits="1" branch="false"/><line number="26" hits="1" branch="false"/><line number="28" hits="2" branch="true" condition-coverage="100% (2/2)"><conditions><condition number="0" type="jump" coverage="100%"/></conditions></line><line number="30" hits="1" branch="true" condition-coverage="100% (2/2)"><conditions><condition number="0" type="jump" coverage="100%"/></conditions></line><line number="32" hits="1" branch="false"/><line number="34" hits="2" branch="false"/><line number="41" hits="2" branch="false"/><line number="42" hits="2" branch="true" condition-coverage="83% (5/6)"><conditions><condition number="0" type="jump" coverage="83%"/></conditions></line><line number="43" hits="4" branch="true" condition-coverage="100% (2/2)"><conditions><condition number="0" type="jump" coverage="100%"/></conditions></line><line number="45" hits="2" branch="true" condition-coverage="100% (3/3)"><conditions><condition number="0" type="jump" coverage="100%"/></conditions></line><line number="47" hits="2" branch="true" condition-coverage="100% (1/1)"><conditions><condition number="0" type="jump" coverage="100%"/></conditions></line><line number="48" hits="2" branch="false"/><line number="49" hits="0" branch="false"/></lines></class><class name="Sensor_cpp" filename="Sensor.cpp" line-rate="1.0" branch-rate="0.75" complexity="0.0"><methods/><lines><line number="3" hits="2" branch="false"/><line number="5" hits="2" branch="false"/><line number="6" hits="2" branch="false"/><line number="8" hits="1" branch="false"/><line number="10" hits="1" branch="true" condition-coverage="100% (1/1)"><conditions><condition number="0" type="jump" coverage="100%"/></conditions></line><line number="13" hits="1" branch="true" condition-coverage="50% (1/2)"><conditions><condition number="0" type="jump" coverage="50%"/></conditions></line><line number="15" hits="1" branch="true" condition-coverage="100% (1/1)"><conditions><condition number="0" type="jump" coverage="100%"/></conditions></line><line number="17" hits="1" branch="false"/></lines></class><class name="SetTemperatureCommand_cpp" filename="SetTemperatureCommand.cpp" line-rate="1.0" branch-rate="1.0" complexity="0.0"><methods/><lines><line number="3" hits="6" branch="true" condition-coverage="100% (2/2)"><conditions><condition number="0" type="jump" coverage="100%"/></conditions></line><line number="5" hits="6" branch="true" condition-coverage="100% (1/1)"><conditions><condition number="0" type="jump" coverage="100%"/></conditions></line><line number="6" hits="6" branch="false"/><line number="7" hits="6" branch="false"/><line number="9" hits="5" branch="false"/><line number="11" hits="5" branch="true" condition-coverage="100% (3/3)"><conditions><condition number="0" type="jump" coverage="100%"/></conditions></line><line number="12" hits="5" branch="false"/></lines></class><class name="SmartHomeSystem_cpp" filename="SmartHomeSystem.cpp" line-rate="0.9080459770114943" branch-rate="0.8035714285714286" complexity="0.0"><methods/><lines><line number="4" hits="1" branch="false"/><line number="7" hits="1" branch="false"/><line number="354" hits="5" branch="false"/><line number="356" hits="5" branch="true" condition-coverage="100% (3/3)"><conditions><condition number="0" type="jump" coverage="100%"/></conditions></line><line number="358" hits="1" branch="false"/><line number="362" hits="4" branch="true" condition-coverage="100% (2/2)"><conditions><condition number="0" type="jump" coverage="100%"/></conditions></line><line number="363" hits="4" branch="true" condition-coverage="100% (2/2)"><conditions><condition number="0" type="jump" coverage="100%"/></conditions></line><line number="364" hits="4" branch="true" condition-coverage="100% (4/4)"><conditions><condition number="0" type="jump" coverage="100%"/></conditions></line><line number="365" hits="4" branch="false"/><line number="366" hits="5" branch="false"/><line number="368" hits="1" branch="false"/><line number="370" hits="1" branch="true" condition-coverage="66% (2/3)"><conditions><condition number="0" type="jump" coverage="66%"/></conditions></line><line number="372" hits="1" branch="false"/><line number="376" hits="0" branch="false"/><line number="377" hits="0" branch="false"/><line number="379" hits="1" branch="false"/><line number="381" hits="6" branch="false"/><line number="383" hits="6" branch="true" condition-coverage="100% (3/3)"><conditions><condition number="0" type="jump" coverage="100%"/></conditions></line><line number="385" hits="1" branch="false"/><line number="389" hits="5" branch="true" condition-coverage="100% (3/3)"><conditions><condition number="0" type="jump" coverage="100%"/></conditions></line><line number="391" hits="1" branch="false"/><line number="395" hits="4" branch="true" condition-coverage="100% (2/2)"><conditions><condition number="0" type="jump" coverage="100%"/></conditions></line><line number="396" hits="4" branch="true" condition-coverage="100% (2/2)"><conditions><condition number="0" type="jump" coverage="100%"/></conditions></line><line number="397" hits="4" branch="true" condition-coverage="100% (3/3)"><conditions><condition number="0" type="jump" coverage="100%"/></conditions></line><line number="398" hits="4" branch="true" condition-coverage="100% (6/6)"><conditions><condition number="0" type="jump" coverage="100%"/></conditions></line><line number="399" hits="4" branch="false"/><line number="401" hits="6" branch="false"/><line number="403" hits="1" branch="false"/><line number="405" hits="1" branch="true" condition-coverage="66% (2/3)"><conditions><condition number="0" type="jump" coverage="66%"/></conditions></line><line number="407" hits="1" branch="false"/><line number="411" hits="0" branch="true" condition-coverage="0% (0/3)"><conditions><condition number="0" type="jump" coverage="0%"/></conditions></line><line number="413" hits="0" branch="false"/><line number="417" hits="0" branch="false"/><line number="418" hits="0" branch="false"/><line number="419" hits="0" branch="false"/><line number="422" hits="1" branch="false"/><line number="424" hits="2" branch="false"/><line number="426" hits="2" branch="true" condition-coverage="100% (1/1)"><conditions><condition number="0" type="jump" coverage="100%"/></conditions></line><line number="428" hits="7" branch="true" condition-coverage="100% (1/1)"><conditions><condition number="0" type="jump" coverage="100%"/></conditions></line><line number="431" hits="2" branch="true" condition-coverage="100% (2/2)"><conditions><condition number="0" type="jump" coverage="100%"/></conditions></line><line number="433" hits="1" branch="true" condition-coverage="100% (4/4)"><conditions><condition number="0" type="jump" coverage="100%"/></conditions></line><line number="434" hits="1" branch="false"/><line number="436" hits="1" branch="false"/><line number="437" hits="5" branch="true" condition-coverage="100% (2/2)"><conditions><condition number="0" type="jump" coverage="100%"/></conditions></line><line number="439" hits="4" branch="false"/><line number="440" hits="4" branch="true" condition-coverage="100% (1/1)"><conditions><condition number="0" type="jump" coverage="100%"/></conditions></line><line number="442" hits="1" branch="true" condition-coverage="100% (1/1)"><conditions><condition number="0" type="jump" coverage="100%"/></conditions></line><line number="443" hits="1" branch="true" condition-coverage="100% (4/4)"><conditions><condition number="0" type="jump" coverage="100%"/></conditions></line><line number="446" hits="7" branch="false"/><line number="448" hits="7" branch="true" condition-coverage="66% (2/3)"><conditions><condition number="0" type="jump" coverage="66%"/></conditions></line><line number="450" hits="0" branch="true" condition-coverage="0% (0/4)"><conditions><condition number="0" type="jump" coverage="0%"/></conditions></line><line number="451" hits="1" branch="false"/><line number="453" hits="7" branch="true" condition-coverage="100% (1/1)"><conditions><condition number="0" type="jump" coverage="100%"/></conditions></line><line number="454" hits="7" branch="false"/><line number="456" hits="7" branch="true" condition-coverage="100% (7/7)"><conditions><condition number="0" type="jump" coverage="100%"/></conditions></line><line number="458" hits="1" branch="false"/><line number="459" hits="1" branch="true" condition-coverage="50% (2/4)"><conditions><condition number="0" type="jump" coverage="50%"/></conditions></line><line number="460" hits="1" branch="true" condition-coverage="100% (1/1)"><conditions><condition number="0" type="jump" coverage="100%"/></conditions></line><line number="461" hits="1" branch="false"/><line number="462" hits="1" branch="false"/><line number="463" hits="1" branch="true" condition-coverage="50% (2/4)"><conditions><condition number="0" type="jump" coverage="50%"/></conditions></line><line number="464" hits="1" branch="true" condition-coverage="100% (1/1)"><conditions><condition number="0" type="jump" coverage="100%"/></conditions></line><line number="465" hits="1" branch="false"/><line number="466" hits="1" branch="false"/><line number="467" hits="1" branch="true" condition-coverage="50% (2/4)"><conditions><condition number="0" type="jump" coverage="50%"/></conditions></line><line number="468" hits="1" branch="true" condition-coverage="100% (1/1)"><conditions><condition number="0" type="jump" coverage="100%"/></conditions></line><line number="469" hits="1" branch="false"/><line number="470" hits="1" branch="false"/><line number="471" hits="1" branch="true" condition-coverage="50% (2/4)"><conditions><condition number="0" type="jump" coverage="50%"/></conditions></line><line number="472" hits="1" branch="true" condition-coverage="100% (1/1)"><conditions><condition number="0" type="jump" coverage="100%"/></conditions></line><line number="473" hits="1" branch="false"/><line number="474" hits="1" branch="false"/><line number="475" hits="1" branch="true" condition-coverage="50% (2/4)"><conditions><condition number="0" type="jump" coverage="50%"/></conditions></line><line number="476" hits="1" branch="true" condition-coverage="100% (1/1)"><conditions><condition number="0" type="jump" coverage="100%"/></conditions></line><line number="477" hits="1" branch="false"/><line number="478" hits="1" branch="false"/><line number="480" hits="1" branch="true" condition-coverage="100% (1/1)"><conditions><condition number="0" type="jump" coverage="100%"/></conditions></line><line number="481" hits="1" branch="true" condition-coverage="50% (2/4)"><conditions><condition number="0" type="jump" coverage="50%"/></conditions></line><line number="482" hits="1" branch="true" condition-coverage="100% (1/1)"><conditions><condition number="0" type="jump" coverage="100%"/></conditions></line><line number="483" hits="1" branch="false"/><line number="485" hits="1" branch="false"/><line number="486" hits="1" branch="true" condition-coverage="100% (2/2)"><conditions><condition number="0" type="jump" coverage="100%"/></conditions></line><line number="487" hits="1" branch="false"/><line number="490" hits="6" branch="true" condition-coverage="100% (1/1)"><conditions><condition number="0" type="jump" coverage="100%"/></conditions></line><line number="491" hits="6" branch="true" condition-coverage="100% (2/2)"><conditions><condition number="0" type="jump" coverage="100%"/></conditions></line><line number="492" hits="6" branch="true" condition-coverage="100% (6/6)"><conditions><condition number="0" type="jump" coverage="100%"/></conditions></line><line number="493" hits="7" branch="false"/></lines></class><class name="SmartThermostatIntegrator_cpp" filename="SmartThermostatIntegrator.cpp" line-rate="0.9666666666666667" branch-rate="1.0" complexity="0.0"><methods/><lines><line number="3" hits="2" branch="false"/><line number="5" hits="2" branch="false"/><line number="6" hits="2" branch="true" condition-coverage="100% (1/1)"><conditions><condition number="0" type="jump" coverage="100%"/></conditions></line><line number="7" hits="2" branch="false"/><line number="9" hits="1" branch="false"/><line number="11" hits="1" branch="false"/><line number="12" hits="1" branch="false"/><line number="14" hits="4" branch="false"/><line number="16" hits="4" branch="true" condition-coverage="100% (4/4)"><conditions><condition number="0" type="jump" coverage="100%"/></conditions></line><line number="18" hits="1" branch="false"/><line number="19" hits="1" branch="false"/><line number="21" hits="3" branch="false"/><line number="24" hits="3" branch="false"/><line number="26" hits="3" branch="true" condition-coverage="100% (4/4)"><conditions><condition number="0" type="jump" coverage="100%"/></conditions></line><line number="28" hits="1" branch="false"/><line number="29" hits="1" branch="false"/><line number="31" hits="2" branch="false"/><line number="34" hits="2" branch="false"/><line number="36" hits="2" branch="false"/><line number="38" hits="142" branch="true" condition-coverage="100% (2/2)"><conditions><condition number="0" type="jump" coverage="100%"/></conditions></line><line number="40" hits="140" branch="true" condition-coverage="100% (2/2)"><conditions><condition number="0" type="jump" coverage="100%"/></conditions></line><line number="42" hits="20" branch="false"/><line number="46" hits="120" branch="false"/><line number="48" hits="140" branch="false"/><line number="52" hits="1" branch="false"/><line number="56" hits="1" branch="true" condition-coverage="100% (5/5)"><conditions><condition number="0" type="jump" coverage="100%"/></conditions></line><line number="57" hits="1" branch="true" condition-coverage="100% (4/4)"><conditions><condition number="0" type="jump" coverage="100%"/></conditions></line><line number="58" hits="1" branch="true" condition-coverage="100% (2/2)"><conditions><condition number="0" type="jump" coverage="100%"/></conditions></line><line number="59" hits="1" branch="false"/><line number="60" hits="0" branch="false"/></lines></class><class name="SmartThermostat_cpp" filename="SmartThermostat.cpp" line-rate="0.9736842105263158" branch-rate="0.8214285714285714" complexity="0.0"><methods/><lines><line number="3" hits="12" branch="false"/><line number="5" hits="12" branch="true" condition-coverage="100% (1/1)"><conditions><condition number="0" type="jump" coverage="100%"/></conditions></line><line number="6" hits="12" branch="false"/><line number="7" hits="12" branch="true" condition-coverage="100% (1/1)"><conditions><condition number="0" type="jump" coverage="100%"/></conditions></line><line number="8" hits="12" branch="true" condition-coverage="100% (1/1)"><conditions><condition number="0" type="jump" coverage="100%"/></conditions></line><line number="9" hits="12" branch="false"/><line number="11" hits="8" branch="false"/><line number="18" hits="8" branch="true" condition-coverage="100% (1/1)"><conditions><condition number="0" type="jump" coverage="100%"/></conditions></line><line number="20" hits="8" branch="true" condition-coverage="100% (1/1)"><conditions><condition number="0" type="jump" coverage="100%"/></conditions></line><line number="22" hits="8" branch="true" condition-coverage="28% (4/14)"><conditions><condition number="0" type="jump" coverage="28%"/></conditions></line><line number="24" hits="8" branch="true" condition-coverage="100% (3/3)"><conditions><condition number="0" type="jump" coverage="100%"/></conditions></line><line number="26" hits="3" branch="true" condition-coverage="100% (2/2)"><conditions><condition number="0" type="jump" coverage="100%"/></conditions></line><line number="28" hits="5" branch="true" condition-coverage="100% (3/3)"><conditions><condition number="0" type="jump" coverage="100%"/></conditions></line><line number="30" hits="2" branch="true" condition-coverage="100% (2/2)"><conditions><condition number="0" type="jump" coverage="100%"/></conditions></line><line number="32" hits="3" branch="true" condition-coverage="100% (4/4)"><conditions><condition number="0" type="jump" coverage="100%"/></conditions></line><line number="35" hits="1" branch="true" condition-coverage="100% (1/1)"><conditions><condition number="0" type="jump" coverage="100%"/></conditions></line><line number="36" hits="1" branch="true" condition-coverage="100% (1/1)"><conditions><condition number="0" type="jump" coverage="100%"/></conditions></line><line number="37" hits="1" branch="true" condition-coverage="100% (1/1)"><conditions><condition number="0" type="jump" coverage="100%"/></conditions></line><line number="38" hits="1" branch="true" condition-coverage="100% (1/1)"><conditions><condition number="0" type="jump" coverage="100%"/></conditions></line><line number="39" hits="1" branch="true" condition-coverage="100% (1/1)"><conditions><condition number="0" type="jump" coverage="100%"/></conditions></line><line number="40" hits="1" branch="false"/><line number="42" hits="8" branch="false"/><line number="44" hits="11" branch="false"/><line number="46" hits="11" branch="true" condition-coverage="100% (4/4)"><conditions><condition number="0" type="jump" coverage="100%"/></conditions></line><line number="48" hits="4" branch="false"/><line number="49" hits="4" branch="false"/><line number="51" hits="7" branch="false"/><line number="54" hits="3" branch="false"/><line number="56" hits="3" branch="true" condition-coverage="100% (4/4)"><conditions><condition number="0" type="jump" coverage="100%"/></conditions></line><line number="58" hits="1" branch="false"/><line number="59" hits="1" branch="false"/><line number="61" hits="2" branch="false"/><line number="64" hits="1" branch="false"/><line number="68" hits="1" branch="true" condition-coverage="100% (5/5)"><conditions><condition number="0" type="jump" coverage="100%"/></conditions></line><line number="69" hits="1" branch="true" condition-coverage="100% (3/3)"><conditions><condition number="0" type="jump" coverage="100%"/></conditions></line><line number="70" hits="1" branch="true" condition-coverage="100% (2/2)"><conditions><condition number="0" type="jump" coverage="100%"/></conditions></line><line number="71" hits="1" branch="false"/><line number="72" hits="0" branch="false"/></lines></class><class name="TemperatureSensor_cpp" filename="TemperatureSensor.cpp" line-rate="0.967741935483871" branch-rate="0.7872340425531915" complexity="0.0"><methods/><lines><line number="3" hits="10" branch="false"/><line number="5" hits="10" branch="true" condition-coverage="100% (1/1)"><conditions><condition number="0" type="jump" coverage="100%"/></conditions></line><line number="6" hits="10" branch="true" condition-coverage="100% (1/1)"><conditions><condition number="0" type="jump" coverage="100%"/></conditions></line><line number="7" hits="10" branch="true" condition-coverage="100% (1/1)"><conditions><condition number="0" type="jump" coverage="100%"/></conditions></line><line number="8" hits="10" branch="false"/><line number="10" hits="2" branch="false"/><line number="12" hits="2" branch="false"/><line number="13" hits="2" branch="false"/><line number="15" hits="2" branch="false"/><line number="17" hits="2" branch="false"/><line number="20" hits="8" branch="false"/><line number="27" hits="8" branch="true" condition-coverage="100% (1/1)"><conditions><condition number="0" type="jump" coverage="100%"/></conditions></line><line number="29" hits="8" branch="true" condition-coverage="100% (1/1)"><conditions><condition number="0" type="jump" coverage="100%"/></conditions></line><line number="31" hits="8" branch="true" condition-coverage="28% (4/14)"><conditions><condition number="0" type="jump" coverage="28%"/></conditions></line><line number="33" hits="8" branch="true" condition-coverage="100% (3/3)"><conditions><condition number="0" type="jump" coverage="100%"/></conditions></line><line number="35" hits="3" branch="true" condition-coverage="100% (2/2)"><conditions><condition number="0" type="jump" coverage="100%"/></conditions></line><line number="37" hits="5" branch="true" condition-coverage="100% (3/3)"><conditions><condition number="0" type="jump" coverage="100%"/></conditions></line><line number="39" hits="2" branch="true" condition-coverage="100% (2/2)"><conditions><condition number="0" type="jump" coverage="100%"/></conditions></line><line number="42" hits="8" branch="false"/><line number="44" hits="1" branch="false"/><line number="48" hits="1" branch="true" condition-coverage="100% (5/5)"><conditions><condition number="0" type="jump" coverage="100%"/></conditions></line><line number="49" hits="1" branch="true" condition-coverage="100% (3/3)"><conditions><condition number="0" type="jump" coverage="100%"/></conditions></line><line number="50" hits="1" branch="true" condition-coverage="100% (2/2)"><conditions><condition number="0" type="jump" coverage="100%"/></conditions></line><line number="51" hits="1" branch="false"/><line number="52" hits="0" branch="false"/><line number="54" hits="2" branch="false"/><line number="56" hits="2" branch="true" condition-coverage="100% (4/4)"><conditions><condition number="0" type="jump" coverage="100%"/></conditions></line><line number="58" hits="1" branch="false"/><line number="59" hits="1" branch="false"/><line number="61" hits="2" branch="true" condition-coverage="100% (2/2)"><conditions><condition number="0" type="jump" coverage="100%"/></conditions></line><line number="63" hits="1" branch="true" condition-coverage="100% (2/2)"><conditions><condition number="0" type="jump" coverage="100%"/></conditions></line></lines></class><class name="ToggleOnCommand_cpp" filename="ToggleOnCommand.cpp" line-rate="1.0" branch-rate="0.6666666666666666" complexity="0.0"><methods/><lines><line number="3" hits="5" branch="true" condition-coverage="100% (2/2)"><conditions><condition number="0" type="jump" coverage="100%"/></conditions></line><line number="5" hits="5" branch="false"/><line number="6" hits="10" branch="true" condition-coverage="60% (3/5)"><conditions><condition number="0" type="jump" coverage="60%"/></conditions></line><line number="7" hits="10" branch="true" condition-coverage="60% (3/5)"><conditions><condition number="0" type="jump" coverage="60%"/></conditions></line><line number="8" hits="5" branch="false"/><line number="10" hits="10" branch="false"/><line number="12" hits="10" branch="true" condition-coverage="50% (1/2)"><conditions><condition number="0" type="jump" coverage="50%"/></conditions></line><line number="13" hits="10" branch="true" condition-coverage="50% (1/2)"><conditions><condition number="0" type="jump" coverage="50%"/></conditions></line><line number="14" hits="10" branch="false"/><line number="16" hits="10" branch="false"/><line number="18" hits="10" branch="true" condition-coverage="100% (2/2)"><conditions><condition number="0" type="jump" coverage="100%"/></conditions></line><line number="20" hits="5" branch="false"/><line number="24" hits="5" branch="false"/><line number="26" hits="10" branch="false"/><line number="27" hits="10" branch="false"/></lines></class><class name="UnlockCommand_cpp" filename="UnlockCommand.cpp" line-rate="1.0" branch-rate="1.0" complexity="0.0"><methods/><lines><line number="3" hits="6" branch="true" condition-coverage="100% (2/2)"><conditions><condition number="0" type="jump" coverage="100%"/></conditions></line><line number="5" hits="6" branch="true" condition-coverage="100% (1/1)"><conditions><condition number="0" type="jump" coverage="100%"/></conditions></line><line number="6" hits="6" branch="false"/><line number="8" hits="6" branch="false"/><line number="10" hits="6" branch="true" condition-coverage="100% (2/2)"><conditions><condition number="0" type="jump" coverage="100%"/></conditions></line><line number="11" hits="6" branch="false"/></lines></class><class name="doctest_h" filename="doctest.h" line-rate="0.3532904502721425" branch-rate="0.2966321243523316" complexity="0.0"><methods/><lines><line number="448" hits="14" branch="false"/><line number="615" hits="5125" branch="false"/><line number="646" hits="441" branch="false"/><line number="647" hits="733" branch="false"/><line number="649" hits="733" branch="true" condition-coverage="100% (2/2)"><conditions><condition number="0" type="jump" coverage="100%"/></conditions></line><line number="651" hits="719" branch="false"/><line number="653" hits="14" branch="false"/><line number="861" hits="111" branch="false"/><line number="862" hits="0" branch="false"/><line number="864" hits="0" branch="true" condition-coverage="0% (0/2)"><conditions><condition number="0" type="jump" coverage="0%"/></conditions></line><line number="868" hits="0" branch="false"/><line number="895" hits="0" branch="false"/><line number="1053" hits="360" branch="false"/><line number="1055" hits="360" branch="false"/><line number="1142" hits="0" branch="false"/><line number="1144" hits="0" branch="false"/><line number="1145" hits="0" branch="false"/><line number="1148" hits="0" branch="false"/><line number="1152" hits="0" branch="false"/><line number="1153" hits="0" branch="false"/><line number="1156" hits="0" branch="false"/><line number="1158" hits="0" branch="false"/><line number="1159" hits="0" branch="false"/><line number="1160" hits="0" branch="false"/><line number="1167" hits="0" branch="false"/><line number="1169" hits="0" branch="false"/><line number="1203" hits="0" branch="false"/><line number="1205" hits="0" branch="false"/><line number="1251" hits="0" branch="false"/><line number="1256" hits="0" branch="false"/><line number="1258" hits="0" branch="false"/><line number="1288" hits="0" branch="false"/><line number="1290" hits="0" branch="true" condition-coverage="0% (0/4)"><conditions><condition number="0" type="jump" coverage="0%"/></conditions></line><line number="1291" hits="0" branch="false"/><line number="1410" hits="0" branch="false"/><line number="1411" hits="0" branch="false"/><line number="1471" hits="0" branch="false"/><line number="1474" hits="0" branch="true" condition-coverage="0% (0/5)"><conditions><condition number="0" type="jump" coverage="0%"/></conditions></line><line number="1595" hits="4" branch="false"/><line number="1625" hits="180" branch="false"/><line number="1626" hits="180" branch="false"/><line number="1650" hits="172" branch="true" condition-coverage="61% (8/13)"><conditions><condition number="0" type="jump" coverage="61%"/></conditions></line><line number="1653" hits="4" branch="true" condition-coverage="45% (5/11)"><conditions><condition number="0" type="jump" coverage="45%"/></conditions></line><line number="1704" hits="180" branch="false"/><line number="1706" hits="180" branch="false"/><line number="1771" hits="18" branch="false"/><line number="1802" hits="4" branch="false"/><line number="1820" hits="4" branch="false"/><line number="1823" hits="4" branch="true" condition-coverage="100% (1/1)"><conditions><condition number="0" type="jump" coverage="100%"/></conditions></line><line number="1824" hits="4" branch="true" condition-coverage="50% (3/6)"><conditions><condition number="0" type="jump" coverage="50%"/></conditions></line><line number="1826" hits="0" branch="true" condition-coverage="0% (0/1)"><conditions><condition number="0" type="jump" coverage="0%"/></conditions></line><line number="1828" hits="4" branch="false"/><line number="2245" hits="1" branch="false"/><line number="2263" hits="2" branch="false"/><line number="2265" hits="2" branch="false"/><line number="2270" hits="6" branch="false"/><line number="2272" hits="6" branch="false"/><line number="2273" hits="6" branch="false"/><line number="3505" hits="0" branch="false"/><line number="3508" hits="0" branch="false"/><line number="3529" hits="1" branch="false"/><line number="3531" hits="4" branch="false"/><line number="3533" hits="5" branch="false"/><line number="3534" hits="5" branch="true" condition-coverage="75% (3/4)"><conditions><condition number="0" type="jump" coverage="75%"/></conditions></line><line number="3535" hits="1" branch="false"/><line number="3536" hits="4" branch="false"/><line number="3567" hits="0" branch="false"/><line number="3569" hits="0" branch="true" condition-coverage="0% (0/2)"><conditions><condition number="0" type="jump" coverage="0%"/></conditions></line><line number="3570" hits="0" branch="false"/><line number="3573" hits="0" branch="false"/><line number="3575" hits="0" branch="true" condition-coverage="0% (0/2)"><conditions><condition number="0" type="jump" coverage="0%"/></conditions></line><line number="3576" hits="0" branch="true" condition-coverage="0% (0/1)"><conditions><condition number="0" type="jump" coverage="0%"/></conditions></line><line number="3578" hits="0" branch="false"/><line number="3579" hits="0" branch="false"/><line number="3580" hits="0" branch="true" condition-coverage="0% (0/1)"><conditions><condition number="0" type="jump" coverage="0%"/></conditions></line><line number="3581" hits="0" branch="true" condition-coverage="0% (0/1)"><conditions><condition number="0" type="jump" coverage="0%"/></conditions></line><line number="3582" hits="0" branch="true" condition-coverage="0% (0/1)"><conditions><condition number="0" type="jump" coverage="0%"/></conditions></line><line number="3586" hits="0" branch="false"/><line number="3588" hits="0" branch="false"/><line number="3591" hits="0" branch="false"/><line number="3593" hits="0" branch="false"/><line number="3626" hits="18" branch="false"/><line number="3629" hits="18" branch="false"/><line number="3630" hits="18" branch="false"/><line number="3636" hits="9" branch="false"/><line number="3644" hits="9" branch="false"/><line number="3688" hits="111" branch="false"/><line number="3690" hits="111" branch="false"/><line number="3692" hits="222" branch="false"/><line number="3700" hits="36" branch="false"/><line number="3702" hits="36" branch="false"/><line number="3704" hits="36" branch="false"/><line number="3705" hits="1188" branch="true" condition-coverage="100% (2/2)"><conditions><condition number="0" type="jump" coverage="100%"/></conditions></line><line number="3707" hits="2304" branch="false"/><line number="3709" hits="36" branch="false"/><line number="3712" hits="18" branch="false"/><line number="3714" hits="18" branch="false"/><line number="3715" hits="18" branch="false"/><line number="3718" hits="18" branch="false"/><line number="3721" hits="594" branch="true" condition-coverage="100% (2/2)"><conditions><condition number="0" type="jump" coverage="100%"/></conditions></line><line number="3723" hits="576" branch="false"/><line number="3724" hits="576" branch="false"/><line number="3726" hits="18" branch="false"/><line number="3741" hits="111" branch="false"/><line number="3744" hits="111" branch="true" condition-coverage="100% (2/2)"><conditions><condition number="0" type="jump" coverage="100%"/></conditions></line><line number="3745" hits="1" branch="false"/><line number="3747" hits="111" branch="false"/><line number="3776" hits="1" branch="false"/><line number="3778" hits="1" branch="false"/><line number="3779" hits="1" branch="false"/><line number="3780" hits="1" branch="false"/><line number="3781" hits="1" branch="false"/><line number="3782" hits="1" branch="false"/><line number="3783" hits="1" branch="false"/><line number="3784" hits="1" branch="false"/><line number="3785" hits="1" branch="false"/><line number="3786" hits="1" branch="false"/><line number="3788" hits="9" branch="false"/><line number="3790" hits="9" branch="false"/><line number="3793" hits="9" branch="false"/><line number="3794" hits="9" branch="false"/><line number="3795" hits="9" branch="false"/><line number="3796" hits="9" branch="false"/><line number="3798" hits="9" branch="true" condition-coverage="50% (1/2)"><conditions><condition number="0" type="jump" coverage="50%"/></conditions></line><line number="3799" hits="0" branch="false"/><line number="3801" hits="9" branch="true" condition-coverage="66% (2/3)"><conditions><condition number="0" type="jump" coverage="66%"/></conditions></line><line number="3802" hits="9" branch="true" condition-coverage="20% (1/5)"><conditions><condition number="0" type="jump" coverage="20%"/></conditions></line><line number="3803" hits="0" branch="false"/><line number="3805" hits="9" branch="true" condition-coverage="50% (1/2)"><conditions><condition number="0" type="jump" coverage="50%"/></conditions></line><line number="3807" hits="0" branch="true" condition-coverage="0% (0/2)"><conditions><condition number="0" type="jump" coverage="0%"/></conditions></line><line number="3809" hits="0" branch="false"/><line number="3813" hits="0" branch="false"/><line number="3816" hits="9" branch="true" condition-coverage="25% (1/4)"><conditions><condition number="0" type="jump" coverage="25%"/></conditions></line><line number="3818" hits="0" branch="false"/><line number="3820" hits="9" branch="true" condition-coverage="50% (1/2)"><conditions><condition number="0" type="jump" coverage="50%"/></conditions></line><line number="3822" hits="0" branch="true" condition-coverage="0% (0/2)"><conditions><condition number="0" type="jump" coverage="0%"/></conditions></line><line number="3824" hits="0" branch="false"/><line number="3828" hits="0" branch="false"/><line number="3832" hits="27" branch="false"/><line number="3833" hits="18" branch="true" condition-coverage="50% (2/4)"><conditions><condition number="0" type="jump" coverage="50%"/></conditions></line><line number="3834" hits="9" branch="true" condition-coverage="50% (1/2)"><conditions><condition number="0" type="jump" coverage="50%"/></conditions></line><line number="3837" hits="9" branch="true" condition-coverage="25% (1/4)"><conditions><condition number="0" type="jump" coverage="25%"/></conditions></line><line number="3838" hits="9" branch="true" condition-coverage="50% (1/2)"><conditions><condition number="0" type="jump" coverage="50%"/></conditions></line><line number="3839" hits="0" branch="false"/><line number="3840" hits="9" branch="false"/><line number="3853" hits="792" branch="false"/><line number="3855" hits="792" branch="true" condition-coverage="100% (2/2)"><conditions><condition number="0" type="jump" coverage="100%"/></conditions></line><line number="3857" hits="753" branch="false"/><line number="3858" hits="753" branch="false"/><line number="3859" hits="753" branch="false"/><line number="3863" hits="39" branch="false"/><line number="3864" hits="39" branch="false"/><line number="3865" hits="39" branch="false"/><line number="3866" hits="39" branch="false"/><line number="3867" hits="39" branch="false"/><line number="3868" hits="39" branch="false"/><line number="3872" hits="45" branch="false"/><line number="3873" hits="1362" branch="false"/><line number="3874" hits="0" branch="false"/><line number="3876" hits="0" branch="true" condition-coverage="0% (0/2)"><conditions><condition number="0" type="jump" coverage="0%"/></conditions></line><line number="3878" hits="0" branch="false"/><line number="3879" hits="0" branch="false"/><line number="3883" hits="0" branch="false"/><line number="3884" hits="0" branch="false"/><line number="3886" hits="0" branch="false"/><line number="3888" hits="1435" branch="false"/><line number="3890" hits="1435" branch="true" condition-coverage="100% (2/2)"><conditions><condition number="0" type="jump" coverage="100%"/></conditions></line><line number="3892" hits="1408" branch="false"/><line number="3896" hits="27" branch="false"/><line number="3898" hits="1435" branch="false"/><line number="3900" hits="580" branch="false"/><line number="3902" hits="580" branch="false"/><line number="3903" hits="580" branch="false"/><line number="3904" hits="580" branch="false"/><line number="3906" hits="2585" branch="false"/><line number="3908" hits="2585" branch="true" condition-coverage="100% (2/2)"><conditions><condition number="0" type="jump" coverage="100%"/></conditions></line><line number="3909" hits="39" branch="true" condition-coverage="50% (1/2)"><conditions><condition number="0" type="jump" coverage="50%"/></conditions></line><line number="3910" hits="2585" branch="false"/><line number="3912" hits="765" branch="false"/><line number="3913" hits="765" branch="false"/><line number="3915" hits="765" branch="false"/><line number="3917" hits="765" branch="false"/><line number="3918" hits="765" branch="false"/><line number="3920" hits="0" branch="false"/><line number="3922" hits="0" branch="false"/><line number="3923" hits="0" branch="false"/><line number="3925" hits="1233" branch="false"/><line number="3927" hits="202" branch="false"/><line number="3929" hits="202" branch="true" condition-coverage="50% (1/2)"><conditions><condition number="0" type="jump" coverage="50%"/></conditions></line><line number="3931" hits="202" branch="true" condition-coverage="50% (1/2)"><conditions><condition number="0" type="jump" coverage="50%"/></conditions></line><line number="3932" hits="0" branch="true" condition-coverage="0% (0/2)"><conditions><condition number="0" type="jump" coverage="0%"/></conditions></line><line number="3934" hits="202" branch="false"/><line number="3937" hits="202" branch="false"/><line number="3940" hits="12" branch="false"/><line number="3942" hits="12" branch="false"/><line number="3943" hits="12" branch="false"/><line number="3944" hits="12" branch="false"/><line number="3945" hits="12" branch="true" condition-coverage="100% (2/2)"><conditions><condition number="0" type="jump" coverage="100%"/></conditions></line><line number="3947" hits="6" branch="true" condition-coverage="50% (1/2)"><conditions><condition number="0" type="jump" coverage="50%"/></conditions></line><line number="3950" hits="0" branch="false"/><line number="3952" hits="0" branch="false"/><line number="3957" hits="6" branch="false"/><line number="3959" hits="6" branch="false"/><line number="3961" hits="6" branch="false"/><line number="3962" hits="6" branch="false"/><line number="3963" hits="6" branch="false"/><line number="3964" hits="6" branch="false"/><line number="3966" hits="6" branch="false"/><line number="3971" hits="6" branch="true" condition-coverage="50% (1/2)"><conditions><condition number="0" type="jump" coverage="50%"/></conditions></line><line number="3974" hits="0" branch="false"/><line number="3975" hits="0" branch="false"/><line number="3980" hits="6" branch="false"/><line number="3981" hits="6" branch="true" condition-coverage="50% (1/2)"><conditions><condition number="0" type="jump" coverage="50%"/></conditions></line><line number="3982" hits="0" branch="false"/><line number="3984" hits="6" branch="false"/><line number="3986" hits="6" branch="false"/><line number="3988" hits="6" branch="true" condition-coverage="50% (1/2)"><conditions><condition number="0" type="jump" coverage="50%"/></conditions></line><line number="3990" hits="6" branch="false"/><line number="3991" hits="6" branch="false"/><line number="3993" hits="6" branch="false"/><line number="3997" hits="12" branch="false"/><line number="4000" hits="7" branch="false"/><line number="4002" hits="7" branch="false"/><line number="4003" hits="7" branch="false"/><line number="4004" hits="7" branch="false"/><line number="4005" hits="7" branch="false"/><line number="4007" hits="22" branch="false"/><line number="4009" hits="22" branch="true" condition-coverage="50% (1/2)"><conditions><condition number="0" type="jump" coverage="50%"/></conditions></line><line number="4011" hits="22" branch="true" condition-coverage="100% (2/2)"><conditions><condition number="0" type="jump" coverage="100%"/></conditions></line><line number="4012" hits="6" branch="true" condition-coverage="50% (1/2)"><conditions><condition number="0" type="jump" coverage="50%"/></conditions></line><line number="4013" hits="22" branch="false"/><line number="4014" hits="22" branch="false"/><line number="4015" hits="22" branch="false"/><line number="4017" hits="22" branch="false"/><line number="4020" hits="0" branch="false"/><line number="4022" hits="0" branch="false"/><line number="4025" hits="0" branch="false"/><line number="4027" hits="0" branch="true" condition-coverage="0% (0/2)"><conditions><condition number="0" type="jump" coverage="0%"/></conditions></line><line number="4028" hits="0" branch="false"/><line number="4029" hits="0" branch="false"/><line number="4033" hits="136" branch="false"/><line number="4035" hits="136" branch="true" condition-coverage="100% (2/2)"><conditions><condition number="0" type="jump" coverage="100%"/></conditions></line><line number="4036" hits="118" branch="false"/><line number="4037" hits="18" branch="false"/><line number="4041" hits="0" branch="false"/><line number="4043" hits="0" branch="true" condition-coverage="0% (0/2)"><conditions><condition number="0" type="jump" coverage="0%"/></conditions></line><line number="4044" hits="0" branch="false"/><line number="4045" hits="0" branch="false"/><line number="4048" hits="0" branch="false"/><line number="4050" hits="0" branch="false"/><line number="4051" hits="0" branch="false"/><line number="4052" hits="0" branch="false"/><line number="4053" hits="0" branch="false"/><line number="4054" hits="0" branch="false"/><line number="4057" hits="0" branch="false"/><line number="4059" hits="0" branch="false"/><line number="4060" hits="0" branch="false"/><line number="4063" hits="0" branch="false"/><line number="4065" hits="0" branch="false"/><line number="4066" hits="0" branch="false"/><line number="4067" hits="0" branch="false"/><line number="4068" hits="0" branch="true" condition-coverage="0% (0/4)"><conditions><condition number="0" type="jump" coverage="0%"/></conditions></line><line number="4070" hits="0" branch="true" condition-coverage="0% (0/2)"><conditions><condition number="0" type="jump" coverage="0%"/></conditions></line><line number="4072" hits="0" branch="false"/><line number="4076" hits="0" branch="false"/><line number="4080" hits="0" branch="false"/><line number="4082" hits="0" branch="false"/><line number="4083" hits="0" branch="false"/><line number="4084" hits="0" branch="true" condition-coverage="0% (0/4)"><conditions><condition number="0" type="jump" coverage="0%"/></conditions></line><line number="4086" hits="0" branch="true" condition-coverage="0% (0/2)"><conditions><condition number="0" type="jump" coverage="0%"/></conditions></line><line number="4088" hits="0" branch="false"/><line number="4092" hits="0" branch="false"/><line number="4096" hits="106" branch="false"/><line number="4098" hits="106" branch="true" condition-coverage="100% (2/2)"><conditions><condition number="0" type="jump" coverage="100%"/></conditions></line><line number="4099" hits="1" branch="false"/><line number="4100" hits="105" branch="false"/><line number="4103" hits="105" branch="false"/><line number="4105" hits="105" branch="false"/><line number="4108" hits="12" branch="true" condition-coverage="100% (3/3)"><conditions><condition number="0" type="jump" coverage="100%"/></conditions></line><line number="4110" hits="84" branch="false"/><line number="4111" hits="0" branch="false"/><line number="4112" hits="5" branch="false"/><line number="4113" hits="0" branch="false"/><line number="4114" hits="0" branch="true" condition-coverage="0% (0/2)"><conditions><condition number="0" type="jump" coverage="0%"/></conditions></line><line number="4115" hits="0" branch="true" condition-coverage="0% (0/2)"><conditions><condition number="0" type="jump" coverage="0%"/></conditions></line><line number="4117" hits="0" branch="false"/><line number="4119" hits="111" branch="false"/><line number="4121" hits="0" branch="false"/><line number="4123" hits="0" branch="false"/><line number="4126" hits="0" branch="false"/><line number="4128" hits="0" branch="true" condition-coverage="0% (0/4)"><conditions><condition number="0" type="jump" coverage="0%"/></conditions></line><line number="4131" hits="0" branch="false"/><line number="4132" hits="0" branch="false"/><line number="4133" hits="0" branch="false"/><line number="4134" hits="0" branch="false"/><line number="4143" hits="32" branch="false"/><line number="4145" hits="32" branch="false"/><line number="4146" hits="32" branch="false"/><line number="4151" hits="0" branch="false"/><line number="4158" hits="0" branch="true" condition-coverage="0% (0/46)"><conditions><condition number="0" type="jump" coverage="0%"/></conditions></line><line number="4159" hits="0" branch="false"/><line number="4160" hits="0" branch="false"/><line number="4161" hits="0" branch="false"/><line number="4163" hits="0" branch="false"/><line number="4165" hits="0" branch="false"/><line number="4167" hits="0" branch="false"/><line number="4169" hits="0" branch="false"/><line number="4171" hits="0" branch="false"/><line number="4173" hits="0" branch="false"/><line number="4175" hits="0" branch="false"/><line number="4176" hits="0" branch="false"/><line number="4177" hits="0" branch="false"/><line number="4178" hits="0" branch="false"/><line number="4179" hits="0" branch="false"/><line number="4180" hits="0" branch="false"/><line number="4182" hits="0" branch="false"/><line number="4183" hits="0" branch="false"/><line number="4185" hits="0" branch="true" condition-coverage="0% (0/1)"><conditions><condition number="0" type="jump" coverage="0%"/></conditions></line><line number="4191" hits="0" branch="false"/><line number="4193" hits="0" branch="true" condition-coverage="0% (0/2)"><conditions><condition number="0" type="jump" coverage="0%"/></conditions></line><line number="4194" hits="0" branch="false"/><line number="4195" hits="0" branch="true" condition-coverage="0% (0/2)"><conditions><condition number="0" type="jump" coverage="0%"/></conditions></line><line number="4196" hits="0" branch="false"/><line number="4197" hits="0" branch="true" condition-coverage="0% (0/2)"><conditions><condition number="0" type="jump" coverage="0%"/></conditions></line><line number="4198" hits="0" branch="false"/><line number="4199" hits="0" branch="false"/><line number="4205" hits="0" branch="false"/><line number="4208" hits="0" branch="true" condition-coverage="0% (0/2)"><conditions><condition number="0" type="jump" coverage="0%"/></conditions></line><line number="4210" hits="0" branch="false"/><line number="4211" hits="0" branch="false"/><line number="4212" hits="0" branch="true" condition-coverage="0% (0/4)"><conditions><condition number="0" type="jump" coverage="0%"/></conditions></line><line number="4214" hits="0" branch="true" condition-coverage="0% (0/2)"><conditions><condition number="0" type="jump" coverage="0%"/></conditions></line><line number="4215" hits="0" branch="false"/><line number="4216" hits="0" branch="false"/><line number="4220" hits="0" branch="false"/><line number="4225" hits="606" branch="false"/><line number="4227" hits="606" branch="true" condition-coverage="66% (4/6)"><conditions><condition number="0" type="jump" coverage="66%"/></conditions></line><line number="4230" hits="0" branch="false"/><line number="4232" hits="0" branch="true" condition-coverage="0% (0/2)"><conditions><condition number="0" type="jump" coverage="0%"/></conditions></line><line number="4233" hits="0" branch="false"/><line number="4234" hits="0" branch="true" condition-coverage="0% (0/2)"><conditions><condition number="0" type="jump" coverage="0%"/></conditions></line><line number="4235" hits="0" branch="false"/><line number="4236" hits="0" branch="false"/><line number="4239" hits="0" branch="false"/><line number="4243" hits="0" branch="false"/><line number="4245" hits="0" branch="true" condition-coverage="0% (0/2)"><conditions><condition number="0" type="jump" coverage="0%"/></conditions></line><line number="4247" hits="0" branch="false"/><line number="4251" hits="0" branch="false"/><line number="4253" hits="0" branch="false"/><line number="4256" hits="0" branch="false"/><line number="4258" hits="0" branch="false"/><line number="4259" hits="0" branch="false"/><line number="4260" hits="0" branch="false"/><line number="4273" hits="0" branch="false"/><line number="4275" hits="0" branch="false"/><line number="4277" hits="0" branch="true" condition-coverage="0% (0/2)"><conditions><condition number="0" type="jump" coverage="0%"/></conditions></line><line number="4279" hits="0" branch="false"/><line number="4280" hits="0" branch="false"/><line number="4281" hits="0" branch="false"/><line number="4283" hits="0" branch="false"/><line number="4284" hits="0" branch="false"/><line number="4285" hits="0" branch="false"/><line number="4286" hits="0" branch="false"/><line number="4287" hits="0" branch="false"/><line number="4288" hits="0" branch="false"/><line number="4289" hits="0" branch="false"/><line number="4290" hits="0" branch="false"/><line number="4291" hits="0" branch="false"/><line number="4292" hits="0" branch="false"/><line number="4293" hits="0" branch="false"/><line number="4295" hits="9" branch="false"/><line number="4296" hits="9" branch="false"/><line number="4298" hits="0" branch="false"/><line number="4300" hits="0" branch="false"/><line number="4301" hits="0" branch="false"/><line number="4302" hits="0" branch="false"/><line number="4303" hits="0" branch="false"/><line number="4306" hits="9" branch="false"/><line number="4308" hits="9" branch="false"/><line number="4309" hits="9" branch="false"/><line number="4311" hits="0" branch="false"/><line number="4313" hits="0" branch="false"/><line number="4314" hits="0" branch="false"/><line number="4317" hits="9" branch="false"/><line number="4320" hits="9" branch="false"/><line number="4321" hits="9" branch="false"/><line number="4323" hits="0" branch="false"/><line number="4324" hits="0" branch="false"/><line number="4325" hits="9" branch="false"/><line number="4326" hits="0" branch="true" condition-coverage="0% (0/4)"><conditions><condition number="0" type="jump" coverage="0%"/></conditions></line><line number="4327" hits="0" branch="true" condition-coverage="0% (0/4)"><conditions><condition number="0" type="jump" coverage="0%"/></conditions></line><line number="4328" hits="0" branch="true" condition-coverage="0% (0/4)"><conditions><condition number="0" type="jump" coverage="0%"/></conditions></line><line number="4329" hits="0" branch="true" condition-coverage="0% (0/4)"><conditions><condition number="0" type="jump" coverage="0%"/></conditions></line><line number="4330" hits="0" branch="true" condition-coverage="0% (0/4)"><conditions><condition number="0" type="jump" coverage="0%"/></conditions></line><line number="4331" hits="0" branch="true" condition-coverage="0% (0/4)"><conditions><condition number="0" type="jump" coverage="0%"/></conditions></line><line number="4332" hits="0" branch="true" condition-coverage="0% (0/4)"><conditions><condition number="0" type="jump" coverage="0%"/></conditions></line><line number="4333" hits="0" branch="true" condition-coverage="0% (0/4)"><conditions><condition number="0" type="jump" coverage="0%"/></conditions></line><line number="4335" hits="0" branch="false"/><line number="4337" hits="0" branch="true" condition-coverage="0% (0/5)"><conditions><condition number="0" type="jump" coverage="0%"/></conditions></line><line number="4339" hits="100" branch="false"/><line number="4343" hits="0" branch="false"/><line number="4345" hits="0" branch="false"/><line number="4352" hits="0" branch="true" condition-coverage="0% (0/9)"><conditions><condition number="0" type="jump" coverage="0%"/></conditions></line><line number="4353" hits="0" branch="false"/><line number="4354" hits="0" branch="false"/><line number="4355" hits="0" branch="false"/><line number="4399" hits="11" branch="false"/><line number="4402" hits="11" branch="false"/><line number="4414" hits="4" branch="false"/><line number="4416" hits="4" branch="true" condition-coverage="75% (3/4)"><conditions><condition number="0" type="jump" coverage="75%"/></conditions></line><line number="4417" hits="4" branch="false"/><line number="4419" hits="1" branch="false"/><line number="4421" hits="1" branch="true" condition-coverage="50% (2/4)"><conditions><condition number="0" type="jump" coverage="50%"/></conditions></line><line number="4422" hits="1" branch="false"/><line number="4431" hits="0" branch="false"/><line number="4433" hits="0" branch="true" condition-coverage="0% (0/2)"><conditions><condition number="0" type="jump" coverage="0%"/></conditions></line><line number="4434" hits="0" branch="false"/><line number="4436" hits="0" branch="false"/><line number="4437" hits="0" branch="true" condition-coverage="0% (0/6)"><conditions><condition number="0" type="jump" coverage="0%"/></conditions></line><line number="4438" hits="0" branch="false"/><line number="4439" hits="0" branch="true" condition-coverage="0% (0/2)"><conditions><condition number="0" type="jump" coverage="0%"/></conditions></line><line number="4440" hits="0" branch="false"/><line number="4442" hits="0" branch="false"/><line number="4446" hits="0" branch="false"/><line number="4448" hits="0" branch="false"/><line number="4449" hits="0" branch="false"/><line number="4461" hits="3" branch="false"/><line number="4463" hits="3" branch="false"/><line number="4464" hits="3" branch="false"/><line number="4466" hits="10" branch="true" condition-coverage="75% (3/4)"><conditions><condition number="0" type="jump" coverage="75%"/></conditions></line><line number="4468" hits="9" branch="true" condition-coverage="75% (3/4)"><conditions><condition number="0" type="jump" coverage="75%"/></conditions></line><line number="4469" hits="2" branch="true" condition-coverage="50% (1/2)"><conditions><condition number="0" type="jump" coverage="50%"/></conditions></line><line number="4471" hits="2" branch="false"/><line number="4473" hits="7" branch="false"/><line number="4474" hits="7" branch="false"/><line number="4477" hits="1" branch="true" condition-coverage="50% (1/2)"><conditions><condition number="0" type="jump" coverage="50%"/></conditions></line><line number="4479" hits="0" branch="true" condition-coverage="0% (0/2)"><conditions><condition number="0" type="jump" coverage="0%"/></conditions></line><line number="4481" hits="0" branch="true" condition-coverage="0% (0/2)"><conditions><condition number="0" type="jump" coverage="0%"/></conditions></line><line number="4483" hits="0" branch="false"/><line number="4485" hits="0" branch="false"/><line number="4486" hits="0" branch="false"/><line number="4488" hits="0" branch="true" condition-coverage="0% (0/6)"><conditions><condition number="0" type="jump" coverage="0%"/></conditions></line><line number="4489" hits="0" branch="true" condition-coverage="0% (0/2)"><conditions><condition number="0" type="jump" coverage="0%"/></conditions></line><line number="4491" hits="0" branch="false"/><line number="4492" hits="0" branch="false"/><line number="4496" hits="0" branch="false"/><line number="4497" hits="0" branch="false"/><line number="4501" hits="1" branch="true" condition-coverage="50% (1/2)"><conditions><condition number="0" type="jump" coverage="50%"/></conditions></line><line number="4503" hits="0" branch="false"/><line number="4505" hits="1" branch="false"/><line number="4509" hits="349" branch="false"/><line number="4512" hits="349" branch="true" condition-coverage="100% (6/6)"><conditions><condition number="0" type="jump" coverage="100%"/></conditions></line><line number="4513" hits="173" branch="false"/><line number="4514" hits="178" branch="true" condition-coverage="100% (2/2)"><conditions><condition number="0" type="jump" coverage="100%"/></conditions></line><line number="4515" hits="3" branch="true" condition-coverage="100% (3/3)"><conditions><condition number="0" type="jump" coverage="100%"/></conditions></line><line number="4516" hits="1" branch="false"/><line number="4517" hits="175" branch="false"/><line number="4521" hits="582" branch="false"/><line number="4523" hits="582" branch="false"/><line number="4528" hits="388" branch="false"/><line number="4530" hits="388" branch="false"/><line number="4532" hits="4399" branch="true" condition-coverage="100% (2/2)"><conditions><condition number="0" type="jump" coverage="100%"/></conditions></line><line number="4533" hits="4011" branch="false"/><line number="4534" hits="388" branch="false"/><line number="4537" hits="194" branch="false"/><line number="4539" hits="194" branch="false"/><line number="4542" hits="50" branch="false"/><line number="4544" hits="50" branch="false"/><line number="4545" hits="50" branch="false"/><line number="4546" hits="84" branch="true" condition-coverage="100% (2/2)"><conditions><condition number="0" type="jump" coverage="100%"/></conditions></line><line number="4548" hits="34" branch="true" condition-coverage="100% (1/1)"><conditions><condition number="0" type="jump" coverage="100%"/></conditions></line><line number="4550" hits="50" branch="false"/><line number="4553" hits="62" branch="false"/><line number="4555" hits="62" branch="false"/><line number="4556" hits="172" branch="true" condition-coverage="100% (2/2)"><conditions><condition number="0" type="jump" coverage="100%"/></conditions></line><line number="4558" hits="110" branch="true" condition-coverage="100% (1/1)"><conditions><condition number="0" type="jump" coverage="100%"/></conditions></line><line number="4560" hits="62" branch="false"/><line number="4565" hits="146" branch="false"/><line number="4567" hits="146" branch="true" condition-coverage="50% (1/2)"><conditions><condition number="0" type="jump" coverage="50%"/></conditions></line><line number="4569" hits="146" branch="true" condition-coverage="50% (1/2)"><c
[...]
/></conditions></line><line number="431" hits="12" branch="false"/><line number="432" hits="11" branch="true" condition-coverage="100% (4/4)"><conditions><condition number="0" type="jump" coverage="100%"/></conditions></line><line number="434" hits="1" branch="true" condition-coverage="100% (1/1)"><conditions><condition number="0" type="jump" coverage="100%"/></conditions></line><line number="435" hits="2" branch="true" condition-coverage="100% (2/2)"><conditions><condition number="0" type="jump" coverage="100%"/></conditions></line><line number="436" hits="3" branch="true" condition-coverage="100% (3/3)"><conditions><condition number="0" type="jump" coverage="100%"/></conditions></line><line number="437" hits="3" branch="true" condition-coverage="70% (7/10)"><conditions><condition number="0" type="jump" coverage="70%"/></conditions></line><line number="438" hits="12" branch="false"/><line number="439" hits="11" branch="true" condition-coverage="100% (4/4)"><conditions><condition number="0" type="jump" coverage="100%"/></conditions></line><line number="441" hits="1" branch="true" condition-coverage="100% (1/1)"><conditions><condition number="0" type="jump" coverage="100%"/></conditions></line><line number="442" hits="2" branch="true" condition-coverage="100% (2/2)"><conditions><condition number="0" type="jump" coverage="100%"/></conditions></line><line number="443" hits="3" branch="true" condition-coverage="100% (3/3)"><conditions><condition number="0" type="jump" coverage="100%"/></conditions></line><line number="444" hits="3" branch="true" condition-coverage="70% (7/10)"><conditions><condition number="0" type="jump" coverage="70%"/></conditions></line><line number="445" hits="12" branch="false"/><line number="446" hits="11" branch="true" condition-coverage="100% (4/4)"><conditions><condition number="0" type="jump" coverage="100%"/></conditions></line><line number="448" hits="1" branch="true" condition-coverage="100% (1/1)"><conditions><condition number="0" type="jump" coverage="100%"/></conditions></line><line number="449" hits="2" branch="true" condition-coverage="100% (2/2)"><conditions><condition number="0" type="jump" coverage="100%"/></conditions></line><line number="450" hits="3" branch="true" condition-coverage="100% (3/3)"><conditions><condition number="0" type="jump" coverage="100%"/></conditions></line><line number="451" hits="3" branch="true" condition-coverage="70% (7/10)"><conditions><condition number="0" type="jump" coverage="70%"/></conditions></line><line number="452" hits="12" branch="false"/><line number="453" hits="11" branch="true" condition-coverage="100% (4/4)"><conditions><condition number="0" type="jump" coverage="100%"/></conditions></line><line number="455" hits="1" branch="true" condition-coverage="100% (1/1)"><conditions><condition number="0" type="jump" coverage="100%"/></conditions></line><line number="456" hits="2" branch="true" condition-coverage="100% (2/2)"><conditions><condition number="0" type="jump" coverage="100%"/></conditions></line><line number="457" hits="3" branch="true" condition-coverage="100% (3/3)"><conditions><condition number="0" type="jump" coverage="100%"/></conditions></line><line number="458" hits="3" branch="true" condition-coverage="70% (7/10)"><conditions><condition number="0" type="jump" coverage="70%"/></conditions></line><line number="459" hits="12" branch="false"/><line number="460" hits="11" branch="true" condition-coverage="100% (4/4)"><conditions><condition number="0" type="jump" coverage="100%"/></conditions></line><line number="462" hits="1" branch="true" condition-coverage="100% (1/1)"><conditions><condition number="0" type="jump" coverage="100%"/></conditions></line><line number="463" hits="2" branch="true" condition-coverage="100% (2/2)"><conditions><condition number="0" type="jump" coverage="100%"/></conditions></line><line number="464" hits="3" branch="true" condition-coverage="100% (3/3)"><conditions><condition number="0" type="jump" coverage="100%"/></conditions></line><line number="465" hits="3" branch="true" condition-coverage="70% (7/10)"><conditions><condition number="0" type="jump" coverage="70%"/></conditions></line><line number="466" hits="12" branch="false"/><line number="467" hits="11" branch="true" condition-coverage="100% (4/4)"><conditions><condition number="0" type="jump" coverage="100%"/></conditions></line><line number="469" hits="1" branch="true" condition-coverage="100% (1/1)"><conditions><condition number="0" type="jump" coverage="100%"/></conditions></line><line number="470" hits="2" branch="true" condition-coverage="100% (2/2)"><conditions><condition number="0" type="jump" coverage="100%"/></conditions></line><line number="471" hits="3" branch="true" condition-coverage="100% (3/3)"><conditions><condition number="0" type="jump" coverage="100%"/></conditions></line><line number="472" hits="3" branch="true" condition-coverage="70% (7/10)"><conditions><condition number="0" type="jump" coverage="70%"/></conditions></line><line number="473" hits="12" branch="false"/><line number="474" hits="41" branch="false"/><line number="475" hits="41" branch="false"/><line number="477" hits="1" branch="false"/><line number="479" hits="1" branch="true" condition-coverage="100% (1/1)"><conditions><condition number="0" type="jump" coverage="100%"/></conditions></line><line number="480" hits="4" branch="true" condition-coverage="100% (3/3)"><conditions><condition number="0" type="jump" coverage="100%"/></conditions></line><line number="481" hits="2" branch="true" condition-coverage="100% (2/2)"><conditions><condition number="0" type="jump" coverage="100%"/></conditions></line><line number="482" hits="1" branch="true" condition-coverage="100% (2/2)"><conditions><condition number="0" type="jump" coverage="100%"/></conditions></line><line number="483" hits="1" branch="true" condition-coverage="100% (1/1)"><conditions><condition number="0" type="jump" coverage="100%"/></conditions></line><line number="484" hits="1" branch="true" condition-coverage="100% (1/1)"><conditions><condition number="0" type="jump" coverage="100%"/></conditions></line><line number="485" hits="1" branch="true" condition-coverage="100% (1/1)"><conditions><condition number="0" type="jump" coverage="100%"/></conditions></line><line number="486" hits="1" branch="true" condition-coverage="100% (1/1)"><conditions><condition number="0" type="jump" coverage="100%"/></conditions></line><line number="487" hits="1" branch="true" condition-coverage="76% (10/13)"><conditions><condition number="0" type="jump" coverage="76%"/></conditions></line><line number="488" hits="1" branch="false"/><line number="490" hits="1" branch="false"/><line number="492" hits="1" branch="true" condition-coverage="100% (2/2)"><conditions><condition number="0" type="jump" coverage="100%"/></conditions></line><line number="493" hits="1" branch="true" condition-coverage="100% (1/1)"><conditions><condition number="0" type="jump" coverage="100%"/></conditions></line><line number="494" hits="1" branch="true" condition-coverage="100% (1/1)"><conditions><condition number="0" type="jump" coverage="100%"/></conditions></line><line number="495" hits="1" branch="true" condition-coverage="100% (1/1)"><conditions><condition number="0" type="jump" coverage="100%"/></conditions></line><line number="496" hits="1" branch="true" condition-coverage="100% (1/1)"><conditions><condition number="0" type="jump" coverage="100%"/></conditions></line><line number="497" hits="1" branch="true" condition-coverage="100% (1/1)"><conditions><condition number="0" type="jump" coverage="100%"/></conditions></line><line number="498" hits="1" branch="true" condition-coverage="76% (10/13)"><conditions><condition number="0" type="jump" coverage="76%"/></conditions></line><line number="499" hits="1" branch="true" condition-coverage="80% (12/15)"><conditions><condition number="0" type="jump" coverage="80%"/></conditions></line><line number="501" hits="1" branch="true" condition-coverage="100% (2/2)"><conditions><condition number="0" type="jump" coverage="100%"/></conditions></line><line number="502" hits="1" branch="true" condition-coverage="100% (1/1)"><conditions><condition number="0" type="jump" coverage="100%"/></conditions></line><line number="503" hits="1" branch="true" condition-coverage="80% (12/15)"><conditions><condition number="0" type="jump" coverage="80%"/></conditions></line><line number="504" hits="1" branch="false"/><line number="506" hits="1" branch="false"/><line number="508" hits="2" branch="true" condition-coverage="100% (2/2)"><conditions><condition number="0" type="jump" coverage="100%"/></conditions></line><line number="509" hits="1" branch="true" condition-coverage="100% (2/2)"><conditions><condition number="0" type="jump" coverage="100%"/></conditions></line><line number="510" hits="1" branch="true" condition-coverage="100% (1/1)"><conditions><condition number="0" type="jump" coverage="100%"/></conditions></line><line number="511" hits="1" branch="true" condition-coverage="100% (1/1)"><conditions><condition number="0" type="jump" coverage="100%"/></conditions></line><line number="512" hits="1" branch="true" condition-coverage="100% (1/1)"><conditions><condition number="0" type="jump" coverage="100%"/></conditions></line><line number="513" hits="1" branch="true" condition-coverage="100% (1/1)"><conditions><condition number="0" type="jump" coverage="100%"/></conditions></line><line number="514" hits="1" branch="true" condition-coverage="100% (1/1)"><conditions><condition number="0" type="jump" coverage="100%"/></conditions></line><line number="515" hits="1" branch="true" condition-coverage="76% (10/13)"><conditions><condition number="0" type="jump" coverage="76%"/></conditions></line><line number="516" hits="1" branch="true" condition-coverage="80% (12/15)"><conditions><condition number="0" type="jump" coverage="80%"/></conditions></line><line number="518" hits="1" branch="true" condition-coverage="100% (2/2)"><conditions><condition number="0" type="jump" coverage="100%"/></conditions></line><line number="519" hits="1" branch="true" condition-coverage="100% (1/1)"><conditions><condition number="0" type="jump" coverage="100%"/></conditions></line><line number="520" hits="1" branch="true" condition-coverage="82% (14/17)"><conditions><condition number="0" type="jump" coverage="82%"/></conditions></line><line number="522" hits="1" branch="true" condition-coverage="100% (1/1)"><conditions><condition number="0" type="jump" coverage="100%"/></conditions></line><line number="523" hits="1" branch="false"/><line number="525" hits="2" branch="false"/><line number="527" hits="2" branch="true" condition-coverage="100% (4/4)"><conditions><condition number="0" type="jump" coverage="100%"/></conditions></line><line number="529" hits="1" branch="true" condition-coverage="100% (1/1)"><conditions><condition number="0" type="jump" coverage="100%"/></conditions></line><line number="530" hits="2" branch="true" condition-coverage="100% (2/2)"><conditions><condition number="0" type="jump" coverage="100%"/></conditions></line><line number="531" hits="3" branch="true" condition-coverage="100% (3/3)"><conditions><condition number="0" type="jump" coverage="100%"/></conditions></line><line number="532" hits="1" branch="true" condition-coverage="100% (1/1)"><conditions><condition number="0" type="jump" coverage="100%"/></conditions></line><line number="533" hits="1" branch="true" condition-coverage="75% (9/12)"><conditions><condition number="0" type="jump" coverage="75%"/></conditions></line><line number="534" hits="1" branch="true" condition-coverage="75% (9/12)"><conditions><condition number="0" type="jump" coverage="75%"/></conditions></line><line number="535" hits="1" branch="true" condition-coverage="100% (2/2)"><conditions><condition number="0" type="jump" coverage="100%"/></conditions></line><line number="536" hits="1" branch="true" condition-coverage="75% (9/12)"><conditions><condition number="0" type="jump" coverage="75%"/></conditions></line><line number="537" hits="1" branch="true" condition-coverage="100% (2/2)"><conditions><condition number="0" type="jump" coverage="100%"/></conditions></line><line number="538" hits="1" branch="true" condition-coverage="75% (9/12)"><conditions><condition number="0" type="jump" coverage="75%"/></conditions></line><line number="539" hits="1" branch="true" condition-coverage="100% (1/1)"><conditions><condition number="0" type="jump" coverage="100%"/></conditions></line><line number="540" hits="1" branch="true" condition-coverage="100% (1/1)"><conditions><condition number="0" type="jump" coverage="100%"/></conditions></line><line number="541" hits="1" branch="true" condition-coverage="100% (1/1)"><conditions><condition number="0" type="jump" coverage="100%"/></conditions></line><line number="543" hits="1" branch="true" condition-coverage="100% (2/2)"><conditions><condition number="0" type="jump" coverage="100%"/></conditions></line><line number="544" hits="1" branch="true" condition-coverage="75% (9/12)"><conditions><condition number="0" type="jump" coverage="75%"/></conditions></line><line number="545" hits="1" branch="true" condition-coverage="100% (1/1)"><conditions><condition number="0" type="jump" coverage="100%"/></conditions></line><line number="546" hits="3" branch="false"/><line number="547" hits="2" branch="true" condition-coverage="100% (4/4)"><conditions><condition number="0" type="jump" coverage="100%"/></conditions></line><line number="549" hits="1" branch="true" condition-coverage="100% (1/1)"><conditions><condition number="0" type="jump" coverage="100%"/></conditions></line><line number="550" hits="2" branch="true" condition-coverage="100% (2/2)"><conditions><condition number="0" type="jump" coverage="100%"/></conditions></line><line number="551" hits="3" branch="true" condition-coverage="100% (3/3)"><conditions><condition number="0" type="jump" coverage="100%"/></conditions></line><line number="552" hits="1" branch="true" condition-coverage="100% (1/1)"><conditions><condition number="0" type="jump" coverage="100%"/></conditions></line><line number="553" hits="1" branch="true" condition-coverage="75% (9/12)"><conditions><condition number="0" type="jump" coverage="75%"/></conditions></line><line number="554" hits="1" branch="true" condition-coverage="75% (9/12)"><conditions><condition number="0" type="jump" coverage="75%"/></conditions></line><line number="555" hits="1" branch="true" condition-coverage="100% (2/2)"><conditions><condition number="0" type="jump" coverage="100%"/></conditions></line><line number="556" hits="1" branch="true" condition-coverage="75% (9/12)"><conditions><condition number="0" type="jump" coverage="75%"/></conditions></line><line number="557" hits="1" branch="true" condition-coverage="100% (1/1)"><conditions><condition number="0" type="jump" coverage="100%"/></conditions></line><line number="558" hits="1" branch="true" condition-coverage="75% (9/12)"><conditions><condition number="0" type="jump" coverage="75%"/></conditions></line><line number="559" hits="1" branch="true" condition-coverage="100% (1/1)"><conditions><condition number="0" type="jump" coverage="100%"/></conditions></line><line number="560" hits="1" branch="true" condition-coverage="100% (1/1)"><conditions><condition number="0" type="jump" coverage="100%"/></conditions></line><line number="561" hits="1" branch="true" condition-coverage="100% (1/1)"><conditions><condition number="0" type="jump" coverage="100%"/></conditions></line><line number="563" hits="1" branch="true" condition-coverage="100% (2/2)"><conditions><condition number="0" type="jump" coverage="100%"/></conditions></line><line number="564" hits="1" branch="true" condition-coverage="75% (9/12)"><conditions><condition number="0" type="jump" coverage="75%"/></conditions></line><line number="565" hits="1" branch="true" condition-coverage="100% (1/1)"><conditions><condition number="0" type="jump" coverage="100%"/></conditions></line><line number="567" hits="1" branch="true" condition-coverage="100% (1/1)"><conditions><condition number="0" type="jump" coverage="100%"/></conditions></line><line number="568" hits="3" branch="false"/><line number="569" hits="2" branch="false"/><line number="571" hits="1" branch="false"/><line number="573" hits="1" branch="true" condition-coverage="100% (1/1)"><conditions><condition number="0" type="jump" coverage="100%"/></conditions></line><line number="574" hits="2" branch="true" condition-coverage="100% (2/2)"><conditions><condition number="0" type="jump" coverage="100%"/></conditions></line><line number="575" hits="2" branch="true" condition-coverage="100% (2/2)"><conditions><condition number="0" type="jump" coverage="100%"/></conditions></line><line number="576" hits="2" branch="true" condition-coverage="100% (2/2)"><conditions><condition number="0" type="jump" coverage="100%"/></conditions></line><line number="577" hits="2" branch="true" condition-coverage="100% (2/2)"><conditions><condition number="0" type="jump" coverage="100%"/></conditions></line><line number="578" hits="4" branch="true" condition-coverage="100% (3/3)"><conditions><condition number="0" type="jump" coverage="100%"/></conditions></line><line number="579" hits="4" branch="true" condition-coverage="100% (3/3)"><conditions><condition number="0" type="jump" coverage="100%"/></conditions></line><line number="580" hits="4" branch="true" condition-coverage="100% (3/3)"><conditions><condition number="0" type="jump" coverage="100%"/></conditions></line><line number="581" hits="4" branch="true" condition-coverage="100% (3/3)"><conditions><condition number="0" type="jump" coverage="100%"/></conditions></line><line number="582" hits="2" branch="true" condition-coverage="100% (2/2)"><conditions><condition number="0" type="jump" coverage="100%"/></conditions></line><line number="583" hits="2" branch="true" condition-coverage="100% (2/2)"><conditions><condition number="0" type="jump" coverage="100%"/></conditions></line><line number="584" hits="2" branch="true" condition-coverage="100% (2/2)"><conditions><condition number="0" type="jump" coverage="100%"/></conditions></line><line number="585" hits="2" branch="true" condition-coverage="100% (2/2)"><conditions><condition number="0" type="jump" coverage="100%"/></conditions></line><line number="586" hits="2" branch="true" condition-coverage="100% (2/2)"><conditions><condition number="0" type="jump" coverage="100%"/></conditions></line><line number="587" hits="2" branch="true" condition-coverage="100% (2/2)"><conditions><condition number="0" type="jump" coverage="100%"/></conditions></line><line number="588" hits="2" branch="true" condition-coverage="100% (2/2)"><conditions><condition number="0" type="jump" coverage="100%"/></conditions></line><line number="589" hits="2" branch="true" condition-coverage="100% (2/2)"><conditions><condition number="0" type="jump" coverage="100%"/></conditions></line><line number="590" hits="2" branch="true" condition-coverage="100% (2/2)"><conditions><condition number="0" type="jump" coverage="100%"/></conditions></line><line number="591" hits="2" branch="true" condition-coverage="100% (2/2)"><conditions><condition number="0" type="jump" coverage="100%"/></conditions></line><line number="592" hits="4" branch="true" condition-coverage="100% (3/3)"><conditions><condition number="0" type="jump" coverage="100%"/></conditions></line><line number="593" hits="4" branch="true" condition-coverage="100% (3/3)"><conditions><condition number="0" type="jump" coverage="100%"/></conditions></line><line number="594" hits="4" branch="true" condition-coverage="100% (3/3)"><conditions><condition number="0" type="jump" coverage="100%"/></conditions></line><line number="595" hits="1" branch="true" condition-coverage="100% (2/2)"><conditions><condition number="0" type="jump" coverage="100%"/></conditions></line><line number="599" hits="1" branch="false"/></lines></class></classes></package></packages></coverage>